Unable to capture context for thread 61496 in process 57832, can not generate back trace
Unable to capture context for thread 40816 in process 57832, can not generate back trace
Unable to capture context for thread 62728 in process 57832, can not generate back trace
Unable to capture context for thread 22848 in process 57832, can not generate back trace
Unable to capture context for thread 40660 in process 57832, can not generate back trace
Exception at PC 0x00007FFD006DAB89
Unable to capture context for thread 61496 in process 57832, can not generate back trace
Unable to capture context for thread 40816 in process 57832, can not generate back trace
Unable to capture context for thread 62728 in process 57832, can not generate back trace
Unable to capture context for thread 22848 in process 57832, can not generate back trace
Unable to capture context for thread 40660 in process 57832, can not generate back trace
Exception at PC 0x00007FFC1FE1BB93
Printing stacktrace...

Exception at PC 0x00007FFD006DAB89
Exception at PC 0x00007FFD006DAB89
[0]  [0x00007FFC1FE1BB93]
[1]  [0x00007FFC1FE1BB93]
[2]  [0x00007FFC1FE1B4A1]
[3]  [0x00007FFC1FE1B459]
[4]  [0x00007FFC1FE019FE]
[5]  [0x00007FFC1FE00ED1]
[6]  [0x00007FFC1FE00D76]
[7]  [0x00007FFC1FDA79F6]
[8]  [0x00007FFC1FD97AFB]
[9]  [0x00007FFC1FEBE90A]
[10]  [0x00007FFC1FED9F87]
[11]  [0x00007FFC1FEDA05F]
[12] (BaseThreadInitThunk+0x14) [0x00007FFD02A87344]
[13] (RtlUserThreadStart+0x21) [0x00007FFD02E026B1]
Done
Exception at PC 0x00007FFD006DAB89
Exception at PC 0x00007FFD006DAB89
Exception at PC 0x00007FFD006DAB89
Exception at PC 0x00007FFD006DAB89
Exception at PC 0x00007FFD006DAB89
Exception at PC 0x00007FFD006DAB89
Exception at PC 0x00007FFD006DAB89
Exception at PC 0x00007FFD006DAB89
Exception at PC 0x00007FFD006DAB89
Exception at PC 0x00007FFD006DAB89
Exception at PC 0x00007FFD006DAB89
Exception at PC 0x00007FFD006DAB89
Exception at PC 0x00007FFD006DAB89
Exception at PC 0x00007FFD006DAB89
Exception at PC 0x00007FFD006DAB89
Exception at PC 0x00007FFC1FB21A52
Attemped to write at address 0x00007FFC7ECC9BA4
Printing stacktrace...

[0]  [0x00007FFC1FB21A52]
[1]  [0x00007FFC1FB21A52]
[2]  [0x00007FFC1FB21AD4]
[3]  [0x00007FFC1FC63FF7]
[4]  [0x00007FFC1FB49128]
[5]  [0x00007FFC1FDFDFB9]
[6]  [0x00007FFC1FFCEF23]
[7]  [0x00007FFC1FEDB06B]
[8]  [0x00007FFC1FED08AF]
[9]  [0x00007FFC1FED0A32]
[10] (RtlActivateActivationContextUnsafeFast+0x11d) [0x00007FFD02DC9A1D]
[11] (LdrShutdownProcess+0x22a) [0x00007FFD02E0DCDA]
[12] (RtlExitUserProcess+0xad) [0x00007FFD02E0DA8D]
[13] (FatalExit+0xb) [0x00007FFD02A8E3BB]
[14] (exit+0x85) [0x00007FFD0299A155]
[15] (initterm_e+0x245) [0x00007FFD0299A7C5]
[16]  [0x00000000004014CD]
[17]  [0x000000000040151B]
[18] (BaseThreadInitThunk+0x14) [0x00007FFD02A87344]
[19] (RtlUserThreadStart+0x21) [0x00007FFD02E026B1]
Done
